[0mGET / [36m304[0m 15.130 ms - -[0m
[0mGET / [36m304[0m 5.964 ms - -[0m
[0mGET / [36m304[0m 9.705 ms - -[0m
[0mGET / [36m304[0m 2.497 ms - -[0m
[0mGET / [36m304[0m 14.484 ms - -[0m
[0mGET / [36m304[0m 2.153 ms - -[0m
[0mGET / [36m304[0m 4.626 ms - -[0m
[0mGET /about [32m200[0m 0.608 ms - -[0m
[0mGET /about [32m200[0m 0.287 ms - -[0m
[0mGET / [32m200[0m 24.974 ms - 948[0m
[0mGET /favicon.ico [33m404[0m 1.617 ms - 60[0m
[0mGET / [36m304[0m 2.532 ms - -[0m
[0mGET /about [32m200[0m 0.298 ms - -[0m
[0mGET /about [32m200[0m 1.199 ms - -[0m
[0mGET / [36m304[0m 12.589 ms - -[0m
[0mGET / [36m304[0m 11.732 ms - -[0m
[0mGET / [36m304[0m 2.568 ms - -[0m
[0mGET / [36m304[0m 2.969 ms - -[0m
[0mGET /about [32m200[0m 0.433 ms - -[0m
[0mGET / [36m304[0m 10.116 ms - -[0m
[0mGET /asda [33m404[0m 3.103 ms - 60[0m
[0mGET /asda [33m404[0m 5.332 ms - 60[0m
[0mGET / [36m304[0m 12.059 ms - -[0m
[0mGET / [36m304[0m 10.696 ms - -[0m
[0mGET /static/css/style.css [33m404[0m 2.295 ms - 60[0m
[0mGET /public/css/style.css [33m404[0m 1.884 ms - 60[0m
[0mGET /css/style.css [33m404[0m 1.362 ms - 60[0m
[0mGET /static/ [33m404[0m 1.408 ms - 60[0m
[0mGET / [36m304[0m 16.421 ms - -[0m
[0mGET /static/css/style.css [33m404[0m 3.488 ms - 60[0m
[0mGET /static/css/style.css [33m404[0m 5.445 ms - 60[0m
[0mGET /static/css/style.css [33m404[0m 5.688 ms - 60[0m
[0mGET /public/css/style.css [33m404[0m 2.090 ms - 60[0m
[0mGET /static/css/style.css [33m404[0m 10.992 ms - 60[0m
[0mGET /static/css/style.css [32m200[0m 12.207 ms - 38[0m
[0mGET /static/css/style.css [36m304[0m 8.077 ms - -[0m
[0mGET / [32m200[0m 14.910 ms - 998[0m
[0mGET /public/style.css [33m404[0m 1.871 ms - 60[0m
[0mGET / [32m200[0m 6.253 ms - 998[0m
[0mGET /static/style.css [33m404[0m 3.163 ms - 60[0m
[0mGET / [32m200[0m 4.421 ms - 1002[0m
[0mGET /static/css/style.css [36m304[0m 2.385 ms - -[0m
[0mGET / [36m304[0m 16.113 ms - -[0m
[0mGET /static/css/style.css [36m304[0m 11.161 ms - -[0m
[0mGET / [36m304[0m 13.593 ms - -[0m
[0mGET /static/css/style.css [36m304[0m 18.063 ms - -[0m
[0mGET / [36m304[0m 12.859 ms - -[0m
[0mGET /static/css/style.css [36m304[0m 4.087 ms - -[0m
[0mGET / [36m304[0m 13.117 ms - -[0m
[0mGET /static/css/style.css [36m304[0m 3.307 ms - -[0m
[0mGET / [36m304[0m 13.323 ms - -[0m
[0mGET /static/css/style.css [36m304[0m 7.244 ms - -[0m
[0mGET / [36m304[0m 12.419 ms - -[0m
[0mGET /static/css/style.css [36m304[0m 3.054 ms - -[0m
[0mGET / [36m304[0m 13.277 ms - -[0m
[0mGET /static/css/style.css [36m304[0m 2.793 ms - -[0m
[0mGET / [36m304[0m 11.716 ms - -[0m
[0mGET /static/css/style.css [36m304[0m 10.487 ms - -[0m
[0mGET / [36m304[0m 12.988 ms - -[0m
[0mGET /static/css/style.css [36m304[0m 5.241 ms - -[0m
[0mGET / [36m304[0m 11.217 ms - -[0m
[0mGET /static/css/style.css [36m304[0m 5.907 ms - -[0m
[0mGET / [36m304[0m 12.829 ms - -[0m
[0mGET /static/css/style.css [36m304[0m 2.601 ms - -[0m
[0mGET / [36m304[0m 14.819 ms - -[0m
[0mGET /static/css/style.css [36m304[0m 2.484 ms - -[0m
[0mGET / [36m304[0m 15.945 ms - -[0m
[0mGET /static/css/style.css [36m304[0m 3.553 ms - -[0m
[0mGET / [36m304[0m 11.950 ms - -[0m
[0mGET /static/css/style.css [36m304[0m 5.964 ms - -[0m
[0mGET / [36m304[0m 14.393 ms - -[0m
[0mGET /static/css/style.css [36m304[0m 3.408 ms - -[0m
[0mGET / [36m304[0m 16.995 ms - -[0m
[0mGET /static/css/style.css [36m304[0m 7.593 ms - -[0m
[0mGET / [36m304[0m 6.241 ms - -[0m
[0mGET /static/css/style.css [36m304[0m 1.453 ms - -[0m
[0mGET / [36m304[0m 15.648 ms - -[0m
[0mGET /static/css/style.css [36m304[0m 8.772 ms - -[0m
[0mGET / [36m304[0m 4.420 ms - -[0m
[0mGET /static/css/style.css [36m304[0m 3.205 ms - -[0m
[0mGET / [36m304[0m 2.995 ms - -[0m
[0mGET /static/css/style.css [36m304[0m 1.679 ms - -[0m
[0mGET / [36m304[0m 2.306 ms - -[0m
[0mGET /static/css/style.css [36m304[0m 1.054 ms - -[0m
[0mGET / [32m200[0m 2.817 ms - 1002[0m
[0mGET / [32m200[0m 12.899 ms - 1002[0m
